2019-03-26 17:29:03 [scrapy.utils.log] INFO: Scrapy 1.3.3 started (bot: JDSpider)
2019-03-26 17:29:03 [scrapy.utils.log] INFO: Overridden settings: {'BOT_NAME': 'JDSpider', 'HTTPCACHE_ENABLED': True, 'LOG_FILE': 'logs\\JDSpider\\getCommentSummary\\93cbd7624fa911e98ef3ace010528bab.log', 'NEWSPIDER_MODULE': 'JDSpider.spiders', 'ROBOTSTXT_OBEY': True, 'SPIDER_MODULES': ['JDSpider.spiders'], 'USER_AGENT': 'Mozilla/5.0 (Windows NT 6.2) AppleWebKit/536.6 (KHTML, like Gecko) Chrome/20.0.1090.0 Safari/536.6'}
2019-03-26 17:29:03 [scrapy.middleware] INFO: Enabled extensions:
['scrapy.extensions.corestats.CoreStats',
 'scrapy.extensions.telnet.TelnetConsole',
 'scrapy.extensions.logstats.LogStats']
2019-03-26 17:29:04 [scrapy.middleware] WARNING: Disabled HttpCacheMiddleware: Unable to find scrapy.cfg file to infer project data dir
2019-03-26 17:29:04 [scrapy.middleware] INFO: Enabled downloader middlewares:
['scrapy.downloadermiddlewares.robotstxt.RobotsTxtMiddleware',
 'scrapy.downloadermiddlewares.httpauth.HttpAuthMiddleware',
 'scrapy.downloadermiddlewares.downloadtimeout.DownloadTimeoutMiddleware',
 'scrapy.downloadermiddlewares.defaultheaders.DefaultHeadersMiddleware',
 'scrapy.downloadermiddlewares.useragent.UserAgentMiddleware',
 'scrapy.downloadermiddlewares.retry.RetryMiddleware',
 'scrapy.downloadermiddlewares.redirect.MetaRefreshMiddleware',
 'scrapy.downloadermiddlewares.httpcompression.HttpCompressionMiddleware',
 'scrapy.downloadermiddlewares.redirect.RedirectMiddleware',
 'scrapy.downloadermiddlewares.cookies.CookiesMiddleware',
 'scrapy.downloadermiddlewares.stats.DownloaderStats']
2019-03-26 17:29:04 [scrapy.middleware] INFO: Enabled spider middlewares:
['scrapy.spidermiddlewares.httperror.HttpErrorMiddleware',
 'scrapy.spidermiddlewares.offsite.OffsiteMiddleware',
 'scrapy.spidermiddlewares.referer.RefererMiddleware',
 'scrapy.spidermiddlewares.urllength.UrlLengthMiddleware',
 'scrapy.spidermiddlewares.depth.DepthMiddleware']
2019-03-26 17:29:04 [py.warnings] WARNING: c:\users\柘宇\appdata\local\temp_~1\jdspider-1553592105-ca37f00y.egg\JDSpider\pipelines.py:11: ScrapyDeprecationWarning: Module `scrapy.log` has been deprecated, Scrapy now relies on the builtin Python library for logging. Read the updated logging entry in the documentation to learn more.

2019-03-26 17:29:04 [scrapy.middleware] INFO: Enabled item pipelines:
['JDSpider.pipelines.JdspiderPipeline']
2019-03-26 17:29:04 [scrapy.core.engine] INFO: Spider opened
2019-03-26 17:29:04 [scrapy.extensions.logstats] INFO: Crawled 0 pages (at 0 pages/min), scraped 0 items (at 0 items/min)
2019-03-26 17:29:04 [scrapy.extensions.telnet] DEBUG: Telnet console listening on 127.0.0.1:6024
2019-03-26 17:29:04 [scrapy.core.engine] DEBUG: Crawled (404) <GET http://sclub.jd.com/robots.txt> (referer: None)
2019-03-26 17:29:04 [scrapy.core.engine] DEBUG: Crawled (200) <GET http://sclub.jd.com/comment/productPageComments.action?callback=fetchJSON_comment98vv74&productId=6157652&score=0&sortType=5&pageSize=10&isShadowSku=0&fold=1&page=1> (referer: None)
2019-03-26 17:29:04 [scrapy.core.scraper] DEBUG: Scraped from <200 http://sclub.jd.com/comment/productPageComments.action?callback=fetchJSON_comment98vv74&productId=6157652&score=0&sortType=5&pageSize=10&isShadowSku=0&fold=1&page=1>
{'afterCountStr': '50+',
 'commentCountStr': '3.4万+',
 'commodityId': '6157652',
 'generalCountStr': '50+',
 'goodCountStr': '3.2万+',
 'goodRate': 0.99,
 'hotCommentTagStatistics': '[{"name": "\\u65f6\\u5c1a\\u5927\\u6c14", '
                            '"count": 23}, {"name": '
                            '"\\u65b9\\u4fbf\\u5feb\\u6377", "count": 19}, '
                            '{"name": "\\u5c3a\\u5bf8\\u5408\\u9002", "count": '
                            '17}, {"name": "\\u7b80\\u7ea6\\u65f6\\u5c1a", '
                            '"count": 16}, {"name": '
                            '"\\u8d28\\u91cf\\u4e0a\\u4e58", "count": 16}, '
                            '{"name": "\\u5bb9\\u91cf\\u5341\\u8db3", "count": '
                            '7}, {"name": "\\u624b\\u611f\\u4e00\\u6d41", '
                            '"count": 3}, {"name": '
                            '"\\u500d\\u611f\\u8212\\u9002", "count": 3}, '
                            '{"name": "\\u624b\\u611f\\u5341\\u8db3", "count": '
                            '1}, {"name": "\\u67d4\\u8f6f\\u987a\\u6ed1", '
                            '"count": 1}]',
 'imageListCount': 500,
 'poorCountStr': '10+',
 'videoCountStr': '60+'}
2019-03-26 17:29:04 [scrapy.core.engine] INFO: Closing spider (finished)
2019-03-26 17:29:04 [scrapy.statscollectors] INFO: Dumping Scrapy stats:
{'downloader/request_bytes': 704,
 'downloader/request_count': 2,
 'downloader/request_method_count/GET': 2,
 'downloader/response_bytes': 5784,
 'downloader/response_count': 2,
 'downloader/response_status_count/200': 1,
 'downloader/response_status_count/404': 1,
 'finish_reason': 'finished',
 'finish_time': datetime.datetime(2019, 3, 26, 9, 29, 4, 310827),
 'item_scraped_count': 1,
 'log_count/DEBUG': 4,
 'log_count/INFO': 7,
 'log_count/WARNING': 2,
 'response_received_count': 2,
 'scheduler/dequeued': 1,
 'scheduler/dequeued/memory': 1,
 'scheduler/enqueued': 1,
 'scheduler/enqueued/memory': 1,
 'start_time': datetime.datetime(2019, 3, 26, 9, 29, 4, 24879)}
2019-03-26 17:29:04 [scrapy.core.engine] INFO: Spider closed (finished)
