2019-03-26 18:41:25 [scrapy.utils.log] INFO: Scrapy 1.3.3 started (bot: JDSpider)
2019-03-26 18:41:25 [scrapy.utils.log] INFO: Overridden settings: {'BOT_NAME': 'JDSpider', 'HTTPCACHE_ENABLED': True, 'LOG_FILE': 'logs\\JDSpider\\getCommentSummary\\b0e68ae64fb311e98d09ace010528bab.log', 'NEWSPIDER_MODULE': 'JDSpider.spiders', 'ROBOTSTXT_OBEY': True, 'SPIDER_MODULES': ['JDSpider.spiders'], 'USER_AGENT': 'Mozilla/5.0 (Windows NT 6.2) AppleWebKit/536.3 (KHTML, like Gecko) Chrome/19.0.1062.0 Safari/536.3'}
2019-03-26 18:41:25 [scrapy.middleware] INFO: Enabled extensions:
['scrapy.extensions.corestats.CoreStats',
 'scrapy.extensions.telnet.TelnetConsole',
 'scrapy.extensions.logstats.LogStats']
2019-03-26 18:41:25 [scrapy.middleware] WARNING: Disabled HttpCacheMiddleware: Unable to find scrapy.cfg file to infer project data dir
2019-03-26 18:41:25 [scrapy.middleware] INFO: Enabled downloader middlewares:
['scrapy.downloadermiddlewares.robotstxt.RobotsTxtMiddleware',
 'scrapy.downloadermiddlewares.httpauth.HttpAuthMiddleware',
 'scrapy.downloadermiddlewares.downloadtimeout.DownloadTimeoutMiddleware',
 'scrapy.downloadermiddlewares.defaultheaders.DefaultHeadersMiddleware',
 'scrapy.downloadermiddlewares.useragent.UserAgentMiddleware',
 'scrapy.downloadermiddlewares.retry.RetryMiddleware',
 'scrapy.downloadermiddlewares.redirect.MetaRefreshMiddleware',
 'scrapy.downloadermiddlewares.httpcompression.HttpCompressionMiddleware',
 'scrapy.downloadermiddlewares.redirect.RedirectMiddleware',
 'scrapy.downloadermiddlewares.cookies.CookiesMiddleware',
 'scrapy.downloadermiddlewares.stats.DownloaderStats']
2019-03-26 18:41:25 [scrapy.middleware] INFO: Enabled spider middlewares:
['scrapy.spidermiddlewares.httperror.HttpErrorMiddleware',
 'scrapy.spidermiddlewares.offsite.OffsiteMiddleware',
 'scrapy.spidermiddlewares.referer.RefererMiddleware',
 'scrapy.spidermiddlewares.urllength.UrlLengthMiddleware',
 'scrapy.spidermiddlewares.depth.DepthMiddleware']
2019-03-26 18:41:25 [py.warnings] WARNING: c:\users\柘宇\appdata\local\temp_~1\jdspider-1553596855-y0l0dzgb.egg\JDSpider\pipelines.py:11: ScrapyDeprecationWarning: Module `scrapy.log` has been deprecated, Scrapy now relies on the builtin Python library for logging. Read the updated logging entry in the documentation to learn more.

2019-03-26 18:41:25 [scrapy.middleware] INFO: Enabled item pipelines:
['JDSpider.pipelines.JdspiderPipeline']
2019-03-26 18:41:25 [scrapy.core.engine] INFO: Spider opened
2019-03-26 18:41:25 [scrapy.extensions.logstats] INFO: Crawled 0 pages (at 0 pages/min), scraped 0 items (at 0 items/min)
2019-03-26 18:41:25 [scrapy.extensions.telnet] DEBUG: Telnet console listening on 127.0.0.1:6024
2019-03-26 18:41:25 [scrapy.core.engine] DEBUG: Crawled (404) <GET http://sclub.jd.com/robots.txt> (referer: None)
2019-03-26 18:41:25 [scrapy.core.engine] DEBUG: Crawled (200) <GET http://sclub.jd.com/comment/productPageComments.action?callback=fetchJSON_comment98vv74&productId=5068393&score=0&sortType=5&pageSize=10&isShadowSku=0&fold=1&page=1> (referer: None)
2019-03-26 18:41:25 [scrapy.core.scraper] DEBUG: Scraped from <200 http://sclub.jd.com/comment/productPageComments.action?callback=fetchJSON_comment98vv74&productId=5068393&score=0&sortType=5&pageSize=10&isShadowSku=0&fold=1&page=1>
{'afterCountStr': '300+',
 'commentCountStr': '14万+',
 'commodityId': '5068393',
 'generalCountStr': '400+',
 'goodCountStr': '12万+',
 'goodRate': 0.99,
 'hotCommentTagStatistics': '[{"name": "保温性好", "count": 261}, {"name": '
                            '"高端大气上档次", "count": 111}, {"name": "完好无损", '
                            '"count": 41}, {"name": "超级好用", "count": 19}, '
                            '{"name": "不易打滑", "count": 16}, {"name": "无怪异味道", '
                            '"count": 10}, {"name": "密封严实", "count": 9}, '
                            '{"name": "使用舒适", "count": 7}, {"name": "合理可靠", '
                            '"count": 7}, {"name": "毫不费力", "count": 6}, '
                            '{"name": "完全够用", "count": 3}, {"name": "容易清洗", '
                            '"count": 2}, {"name": "方便外出", "count": 2}]',
 'imageListCount': 500,
 'poorCountStr': '300+',
 'videoCountStr': '400+'}
2019-03-26 18:41:25 [scrapy.core.engine] INFO: Closing spider (finished)
2019-03-26 18:41:25 [scrapy.statscollectors] INFO: Dumping Scrapy stats:
{'downloader/request_bytes': 704,
 'downloader/request_count': 2,
 'downloader/request_method_count/GET': 2,
 'downloader/response_bytes': 6351,
 'downloader/response_count': 2,
 'downloader/response_status_count/200': 1,
 'downloader/response_status_count/404': 1,
 'finish_reason': 'finished',
 'finish_time': datetime.datetime(2019, 3, 26, 10, 41, 25, 598573),
 'item_scraped_count': 1,
 'log_count/DEBUG': 4,
 'log_count/INFO': 7,
 'log_count/WARNING': 2,
 'response_received_count': 2,
 'scheduler/dequeued': 1,
 'scheduler/dequeued/memory': 1,
 'scheduler/enqueued': 1,
 'scheduler/enqueued/memory': 1,
 'start_time': datetime.datetime(2019, 3, 26, 10, 41, 25, 186811)}
2019-03-26 18:41:25 [scrapy.core.engine] INFO: Spider closed (finished)
